e:\prog 4\stream-engine\minigin\minigin\debug\minigin.pch
e:\prog 4\stream-engine\minigin\minigin\debug\minigin.pdb
e:\prog 4\stream-engine\minigin\minigin\debug\minigin.idb
e:\prog 4\stream-engine\minigin\minigin\debug\miniginpch.obj
e:\prog 4\stream-engine\minigin\minigin\debug\transform.obj
e:\prog 4\stream-engine\minigin\minigin\debug\texturecomponent.obj
e:\prog 4\stream-engine\minigin\minigin\debug\texture2d.obj
e:\prog 4\stream-engine\minigin\minigin\debug\textcomponent.obj
e:\prog 4\stream-engine\minigin\minigin\debug\scenemanager.obj
e:\prog 4\stream-engine\minigin\minigin\debug\scene.obj
e:\prog 4\stream-engine\minigin\minigin\debug\resourcemanager.obj
e:\prog 4\stream-engine\minigin\minigin\debug\renderer.obj
e:\prog 4\stream-engine\minigin\minigin\debug\minigin.obj
e:\prog 4\stream-engine\minigin\minigin\debug\main.obj
e:\prog 4\stream-engine\minigin\minigin\debug\inputmanager.obj
e:\prog 4\stream-engine\minigin\minigin\debug\gameobject.obj
e:\prog 4\stream-engine\minigin\minigin\debug\fpscomponent.obj
e:\prog 4\stream-engine\minigin\minigin\debug\font.obj
e:\prog 4\stream-engine\minigin\minigin\debug\basecomponent.obj
e:\prog 4\stream-engine\minigin\minigin\debug\minigin.lib
e:\prog 4\stream-engine\minigin\minigin\debug\minigin.tlog\cl.command.1.tlog
e:\prog 4\stream-engine\minigin\minigin\debug\minigin.tlog\cl.read.1.tlog
e:\prog 4\stream-engine\minigin\minigin\debug\minigin.tlog\cl.write.1.tlog
e:\prog 4\stream-engine\minigin\minigin\debug\minigin.tlog\lib-link.read.1.tlog
e:\prog 4\stream-engine\minigin\minigin\debug\minigin.tlog\lib-link.write.1.tlog
e:\prog 4\stream-engine\minigin\minigin\debug\minigin.tlog\lib.command.1.tlog
