  MiniginPCH.cpp
  BaseComponent.cpp
  Font.cpp
  FPSComponent.cpp
  GameObject.cpp
  InputManager.cpp
  Main.cpp
  Minigin.cpp
  Renderer.cpp
  ResourceManager.cpp
  Scene.cpp
  SceneManager.cpp
  TextComponent.cpp
  Texture2D.cpp
  TextureComponent.cpp
  Transform.cpp
  Generating Code...
  Minigin.vcxproj -> E:\Prog 4\Stream-Engine\Minigin\Minigin\Debug\Minigin.lib
  E:\Prog 4\Stream-Engine\Minigin\3rdParty\SDL2\lib\x64\SDL2.dll
  1 File(s) copied
  E:\Prog 4\Stream-Engine\Minigin\3rdParty\SDL2_image\lib\x64\libjpeg-9.dll
  E:\Prog 4\Stream-Engine\Minigin\3rdParty\SDL2_image\lib\x64\libpng16-16.dll
  E:\Prog 4\Stream-Engine\Minigin\3rdParty\SDL2_image\lib\x64\libtiff-5.dll
  E:\Prog 4\Stream-Engine\Minigin\3rdParty\SDL2_image\lib\x64\libwebp-7.dll
  E:\Prog 4\Stream-Engine\Minigin\3rdParty\SDL2_image\lib\x64\SDL2_image.dll
  E:\Prog 4\Stream-Engine\Minigin\3rdParty\SDL2_image\lib\x64\zlib1.dll
  6 File(s) copied
  E:\Prog 4\Stream-Engine\Minigin\3rdParty\SDL2_ttf\lib\x64\libfreetype-6.dll
  E:\Prog 4\Stream-Engine\Minigin\3rdParty\SDL2_ttf\lib\x64\SDL2_ttf.dll
  2 File(s) copied
