C:\Program Files (x86)\Microsoft Visual Studio\2019\Enterprise\MSBuild\Microsoft\VC\v160\Microsoft.CppBuild.targets(505,5): warning MSB8004: Output Directory does not end with a trailing slash.  This build instance will add the slash as it is required to allow proper evaluation of the Output Directory.
  MiniginPCH.cpp
  BaseComponent.cpp
  Font.cpp
  FPSComponent.cpp
  GameObject.cpp
  InputManager.cpp
  Main.cpp
  Minigin.cpp
  Renderer.cpp
  ResourceManager.cpp
  Scene.cpp
  SceneManager.cpp
  TextComponent.cpp
  Texture2D.cpp
  TextureComponent.cpp
  Transform.cpp
     Creating library ..\lib\Minigin.lib and object ..\lib\Minigin.exp
  Generating code
  Previous IPDB not found, fall back to full compilation.
  All 842 functions were compiled because no usable IPDB/IOBJ from previous compilation was found.
  Finished generating code
  Minigin.vcxproj -> E:\Prog 4\Stream-Engine\Minigin\lib\Minigin.dll
  E:\Prog 4\Stream-Engine\Minigin\3rdParty\SDL2\lib\x64\SDL2.dll
  1 File(s) copied
  E:\Prog 4\Stream-Engine\Minigin\3rdParty\SDL2_image\lib\x64\libjpeg-9.dll
  E:\Prog 4\Stream-Engine\Minigin\3rdParty\SDL2_image\lib\x64\libpng16-16.dll
  E:\Prog 4\Stream-Engine\Minigin\3rdParty\SDL2_image\lib\x64\libtiff-5.dll
  E:\Prog 4\Stream-Engine\Minigin\3rdParty\SDL2_image\lib\x64\libwebp-7.dll
  E:\Prog 4\Stream-Engine\Minigin\3rdParty\SDL2_image\lib\x64\SDL2_image.dll
  E:\Prog 4\Stream-Engine\Minigin\3rdParty\SDL2_image\lib\x64\zlib1.dll
  6 File(s) copied
  E:\Prog 4\Stream-Engine\Minigin\3rdParty\SDL2_ttf\lib\x64\libfreetype-6.dll
  E:\Prog 4\Stream-Engine\Minigin\3rdParty\SDL2_ttf\lib\x64\SDL2_ttf.dll
  2 File(s) copied
