e:\prog 4\stream-engine\minigin\minigin\x64\release\minigin.pch
e:\prog 4\stream-engine\minigin\minigin\x64\release\vc142.pdb
e:\prog 4\stream-engine\minigin\minigin\x64\release\miniginpch.obj
e:\prog 4\stream-engine\minigin\minigin\x64\release\transform.obj
e:\prog 4\stream-engine\minigin\minigin\x64\release\texturecomponent.obj
e:\prog 4\stream-engine\minigin\minigin\x64\release\texture2d.obj
e:\prog 4\stream-engine\minigin\minigin\x64\release\textcomponent.obj
e:\prog 4\stream-engine\minigin\minigin\x64\release\scenemanager.obj
e:\prog 4\stream-engine\minigin\minigin\x64\release\scene.obj
e:\prog 4\stream-engine\minigin\minigin\x64\release\resourcemanager.obj
e:\prog 4\stream-engine\minigin\minigin\x64\release\renderer.obj
e:\prog 4\stream-engine\minigin\minigin\x64\release\minigin.obj
e:\prog 4\stream-engine\minigin\minigin\x64\release\main.obj
e:\prog 4\stream-engine\minigin\minigin\x64\release\inputmanager.obj
e:\prog 4\stream-engine\minigin\minigin\x64\release\gameobject.obj
e:\prog 4\stream-engine\minigin\minigin\x64\release\fpscomponent.obj
e:\prog 4\stream-engine\minigin\minigin\x64\release\font.obj
e:\prog 4\stream-engine\minigin\minigin\x64\release\basecomponent.obj
e:\prog 4\stream-engine\lib\minigin.dll
e:\prog 4\stream-engine\minigin\minigin\x64\release\minigin.ipdb
e:\prog 4\stream-engine\minigin\minigin\x64\release\minigin.iobj
e:\prog 4\stream-engine\lib\minigin.pdb
e:\prog 4\stream-engine\lib\minigin.lib
e:\prog 4\stream-engine\lib\minigin.exp
e:\prog 4\stream-engine\minigin\minigin\x64\release\minigin.tlog\cl.command.1.tlog
e:\prog 4\stream-engine\minigin\minigin\x64\release\minigin.tlog\cl.read.1.tlog
e:\prog 4\stream-engine\minigin\minigin\x64\release\minigin.tlog\cl.write.1.tlog
e:\prog 4\stream-engine\minigin\minigin\x64\release\minigin.tlog\link.command.1.tlog
e:\prog 4\stream-engine\minigin\minigin\x64\release\minigin.tlog\link.read.1.tlog
e:\prog 4\stream-engine\minigin\minigin\x64\release\minigin.tlog\link.write.1.tlog
e:\prog 4\stream-engine\minigin\minigin\x64\release\minigin.tlog\minigin.write.1u.tlog
