e:\prog 4\stream-engine\minigin\minigin\x64\debug\minigin.pch
e:\prog 4\stream-engine\minigin\minigin\x64\debug\vc142.pdb
e:\prog 4\stream-engine\minigin\minigin\x64\debug\vc142.idb
e:\prog 4\stream-engine\minigin\minigin\x64\debug\miniginpch.obj
e:\prog 4\stream-engine\minigin\minigin\x64\debug\transform.obj
e:\prog 4\stream-engine\minigin\minigin\x64\debug\texturecomponent.obj
e:\prog 4\stream-engine\minigin\minigin\x64\debug\texture2d.obj
e:\prog 4\stream-engine\minigin\minigin\x64\debug\textcomponent.obj
e:\prog 4\stream-engine\minigin\minigin\x64\debug\scenemanager.obj
e:\prog 4\stream-engine\minigin\minigin\x64\debug\scene.obj
e:\prog 4\stream-engine\minigin\minigin\x64\debug\resourcemanager.obj
e:\prog 4\stream-engine\minigin\minigin\x64\debug\renderer.obj
e:\prog 4\stream-engine\minigin\minigin\x64\debug\minigin.obj
e:\prog 4\stream-engine\minigin\minigin\x64\debug\main.obj
e:\prog 4\stream-engine\minigin\minigin\x64\debug\inputmanager.obj
e:\prog 4\stream-engine\minigin\minigin\x64\debug\gameobject.obj
e:\prog 4\stream-engine\minigin\minigin\x64\debug\fpscomponent.obj
e:\prog 4\stream-engine\minigin\minigin\x64\debug\font.obj
e:\prog 4\stream-engine\minigin\minigin\x64\debug\basecomponent.obj
e:\prog 4\stream-engine\minigin\x64\debug\minigin.exe
e:\prog 4\stream-engine\minigin\x64\debug\minigin.ilk
e:\prog 4\stream-engine\minigin\x64\debug\minigin.pdb
e:\prog 4\stream-engine\minigin\x64\debug\minigin.lib
e:\prog 4\stream-engine\minigin\x64\debug\minigin.exp
e:\prog 4\stream-engine\minigin\minigin\x64\debug\minigin.tlog\cl.command.1.tlog
e:\prog 4\stream-engine\minigin\minigin\x64\debug\minigin.tlog\cl.read.1.tlog
e:\prog 4\stream-engine\minigin\minigin\x64\debug\minigin.tlog\cl.write.1.tlog
e:\prog 4\stream-engine\minigin\minigin\x64\debug\minigin.tlog\link.command.1.tlog
e:\prog 4\stream-engine\minigin\minigin\x64\debug\minigin.tlog\link.read.1.tlog
e:\prog 4\stream-engine\minigin\minigin\x64\debug\minigin.tlog\link.write.1.tlog
e:\prog 4\stream-engine\minigin\minigin\x64\debug\minigin.tlog\minigin.write.1u.tlog
