e:\prog 4\stream-engine\stream-engine\stream-engine\minigin\debug\stream-engine.pch
e:\prog 4\stream-engine\stream-engine\stream-engine\lib\debug\stream-engine.pdb
e:\prog 4\stream-engine\stream-engine\stream-engine\lib\debug\stream-engine.idb
e:\prog 4\stream-engine\stream-engine\stream-engine\minigin\debug\miniginpch.obj
e:\prog 4\stream-engine\stream-engine\stream-engine\minigin\debug\transform.obj
e:\prog 4\stream-engine\stream-engine\stream-engine\minigin\debug\texturecomponent.obj
e:\prog 4\stream-engine\stream-engine\stream-engine\minigin\debug\texture2d.obj
e:\prog 4\stream-engine\stream-engine\stream-engine\minigin\debug\textcomponent.obj
e:\prog 4\stream-engine\stream-engine\stream-engine\minigin\debug\scenemanager.obj
e:\prog 4\stream-engine\stream-engine\stream-engine\minigin\debug\scene.obj
e:\prog 4\stream-engine\stream-engine\stream-engine\minigin\debug\resourcemanager.obj
e:\prog 4\stream-engine\stream-engine\stream-engine\minigin\debug\renderer.obj
e:\prog 4\stream-engine\stream-engine\stream-engine\minigin\debug\stream-engine.obj
e:\prog 4\stream-engine\stream-engine\stream-engine\minigin\debug\inputmanager.obj
e:\prog 4\stream-engine\stream-engine\stream-engine\minigin\debug\gameobject.obj
e:\prog 4\stream-engine\stream-engine\stream-engine\minigin\debug\fpscomponent.obj
e:\prog 4\stream-engine\stream-engine\stream-engine\minigin\debug\font.obj
e:\prog 4\stream-engine\stream-engine\stream-engine\minigin\debug\basecomponent.obj
e:\prog 4\stream-engine\stream-engine\stream-engine\minigin\debug\stream-engine.tlog\cl.command.1.tlog
e:\prog 4\stream-engine\stream-engine\stream-engine\minigin\debug\stream-engine.tlog\cl.read.1.tlog
e:\prog 4\stream-engine\stream-engine\stream-engine\minigin\debug\stream-engine.tlog\cl.write.1.tlog
