e:\prog 4\stream-engine\minigin\minigin\release\minigin.pch
e:\prog 4\stream-engine\minigin\build\release\minigin.pdb
e:\prog 4\stream-engine\minigin\minigin\release\miniginpch.obj
e:\prog 4\stream-engine\minigin\minigin\release\transform.obj
e:\prog 4\stream-engine\minigin\minigin\release\texturecomponent.obj
e:\prog 4\stream-engine\minigin\minigin\release\texture2d.obj
e:\prog 4\stream-engine\minigin\minigin\release\textcomponent.obj
e:\prog 4\stream-engine\minigin\minigin\release\scenemanager.obj
e:\prog 4\stream-engine\minigin\minigin\release\scene.obj
e:\prog 4\stream-engine\minigin\minigin\release\resourcemanager.obj
e:\prog 4\stream-engine\minigin\minigin\release\renderer.obj
e:\prog 4\stream-engine\minigin\minigin\release\minigin.obj
e:\prog 4\stream-engine\minigin\minigin\release\main.obj
e:\prog 4\stream-engine\minigin\minigin\release\inputmanager.obj
e:\prog 4\stream-engine\minigin\minigin\release\gameobject.obj
e:\prog 4\stream-engine\minigin\minigin\release\fpscomponent.obj
e:\prog 4\stream-engine\minigin\minigin\release\font.obj
e:\prog 4\stream-engine\minigin\minigin\release\basecomponent.obj
e:\prog 4\stream-engine\minigin\build\release\minigin.lib
e:\prog 4\stream-engine\minigin\minigin\release\minigin.tlog\cl.command.1.tlog
e:\prog 4\stream-engine\minigin\minigin\release\minigin.tlog\cl.read.1.tlog
e:\prog 4\stream-engine\minigin\minigin\release\minigin.tlog\cl.write.1.tlog
e:\prog 4\stream-engine\minigin\minigin\release\minigin.tlog\lib-link.read.1.tlog
e:\prog 4\stream-engine\minigin\minigin\release\minigin.tlog\lib-link.write.1.tlog
e:\prog 4\stream-engine\minigin\minigin\release\minigin.tlog\lib.command.1.tlog
